<?xml version="1.0" encoding="UTF-8"?>
<!-- Generated by org.testng.reporters.JUnitReportReporter -->
<testsuite hostname="Abhijits-MBP" failures="0" tests="3" name="com.collectionlist.testscript.VerifyLoginPage" time="33.335" errors="0" timestamp="2025-01-22T15:11:07 IST" skipped="0">
  <testcase classname="com.collectionlist.testscript.VerifyLoginPage" name="invalidLogin" time="19.870"/>
  <system-out>
    <![CDATA[<P>Successfully entered the element:---> 
9693564007
<P>Successfully clicked on element:---> 
Clicked otp button
<P>Successfully entered the element:---> 
111111]]>
  </system-out>
  <testcase classname="com.collectionlist.testscript.VerifyLoginPage" name="checkTheButtonIsEnableOrDisabled" time="5.071"/>
  <system-out>
    <![CDATA[<P>Successfully entered the element:---> 
969356400]]>
  </system-out>
  <testcase classname="com.collectionlist.testscript.VerifyLoginPage" name="successfullyLogin" time="8.394"/>
  <system-out>
    <![CDATA[<P>Successfully entered the element:---> 
9693564007
<P>Successfully clicked on element:---> 
Clicked otp button
<P>Successfully entered the element:---> 
000000]]>
  </system-out>
</testsuite> <!-- com.collectionlist.testscript.VerifyLoginPage -->
